<?xml version="1.0" encoding="UTF-8"?>
<!-- Generated by org.testng.reporters.JUnitReportReporter -->
<testsuite skipped="0" hostname="NX00308" name="AportalTestClasses.Items" tests="1" failures="0" timestamp="2020-11-26T17:52:48 PKT" time="63.451" errors="0">
  <testcase name="CreateItem" time="63.451" classname="AportalTestClasses.Items"/>
</testsuite> <!-- AportalTestClasses.Items -->
