<?xml version="1.0" encoding="UTF-8"?>
<!-- Generated by org.testng.reporters.JUnitReportReporter -->
<testsuite skipped="0" hostname="NX00308" name="AportalTestClasses.Deals" tests="2" failures="0" timestamp="2020-12-30T19:53:08 PKT" time="26.093" errors="0">
  <testcase name="CreateDeal" time="16.209" classname="AportalTestClasses.Deals"/>
  <testcase name="EditDeal" time="9.884" classname="AportalTestClasses.Deals"/>
</testsuite> <!-- AportalTestClasses.Deals -->
