<?xml version="1.0" encoding="UTF-8"?>
<!-- Generated by org.testng.reporters.JUnitReportReporter -->
<testsuite skipped="0" hostname="NX00308" name="AportalTestClasses.loginTest" tests="1" failures="0" timestamp="2020-11-18T18:54:11 PKT" time="0.401" errors="0">
  <testcase name="LoginToAportal" time="0.401" classname="AportalTestClasses.loginTest"/>
</testsuite> <!-- AportalTestClasses.loginTest -->
