<?xml version="1.0" encoding="UTF-8"?>
<!-- Generated by org.testng.reporters.JUnitReportReporter -->
<testsuite skipped="0" hostname="NX00308" name="AportalTestClasses.CreateItems" tests="1" failures="0" timestamp="2020-10-20T19:07:54 PKT" time="25.165" errors="0">
  <testcase name="funtion" time="25.165" classname="AportalTestClasses.CreateItems"/>
</testsuite> <!-- AportalTestClasses.CreateItems -->
