<?xml version="1.0" encoding="UTF-8"?>
<!-- Generated by org.testng.reporters.JUnitReportReporter -->
<testsuite skipped="0" hostname="NX00308" name="AportalTestClasses.CompactListings" tests="1" failures="0" timestamp="2020-10-20T15:15:10 PKT" time="23.787" errors="0">
  <testcase name="function" time="23.787" classname="AportalTestClasses.CompactListings"/>
</testsuite> <!-- AportalTestClasses.CompactListings -->
