<?xml version="1.0" encoding="UTF-8"?>
<!-- Generated by org.testng.reporters.JUnitReportReporter -->
<testsuite skipped="0" hostname="NX00308" name="AportalTestClasses.TestShipments" tests="2" failures="0" timestamp="2021-02-19T15:27:24 PKT" time="61.987" errors="0">
  <testcase name="CreatShipment" time="30.760" classname="AportalTestClasses.TestShipments"/>
  <testcase name="CreatePayment" time="31.227" classname="AportalTestClasses.TestShipments"/>
</testsuite> <!-- AportalTestClasses.TestShipments -->
