<?xml version="1.0" encoding="UTF-8"?>
<!-- Generated by org.testng.reporters.JUnitReportReporter -->
<testsuite skipped="0" hostname="NX00308" name="AportalTestClasses.NewTest" tests="1" failures="0" timestamp="2020-11-18T19:34:37 PKT" time="17.046" errors="0">
  <testcase name="function" time="17.046" classname="AportalTestClasses.NewTest"/>
</testsuite> <!-- AportalTestClasses.NewTest -->
