<?xml version="1.0" encoding="UTF-8"?>
<!-- Generated by org.testng.reporters.JUnitReportReporter -->
<testsuite skipped="0" hostname="NX00308" name="AportalTestClasses.TestShipments" tests="3" failures="0" timestamp="2021-03-01T20:38:04 PKT" time="82.720" errors="0">
  <testcase name="CreatShipment" time="29.296" classname="AportalTestClasses.TestShipments"/>
  <testcase name="CreatePayment" time="30.836" classname="AportalTestClasses.TestShipments"/>
  <testcase name="EditShipment" time="22.588" classname="AportalTestClasses.TestShipments"/>
</testsuite> <!-- AportalTestClasses.TestShipments -->
