<?xml version="1.0" encoding="UTF-8"?>
<!-- Generated by org.testng.reporters.JUnitReportReporter -->
<testsuite hostname="DESKTOP-HS23O3S" failures="0" tests="2" name="AportalTestClasses.TestDeals" time="64.900" errors="0" timestamp="2021-01-22T20:53:07 PKT" skipped="0">
  <testcase classname="AportalTestClasses.TestDeals" name="CreateDeal" time="56.587"/>
  <system-out/>
  <testcase classname="AportalTestClasses.TestDeals" name="SendNewsletterEmail" time="8.313"/>
  <system-out/>
</testsuite> <!-- AportalTestClasses.TestDeals -->
