<?xml version="1.0" encoding="UTF-8"?>
<!-- Generated by org.testng.reporters.JUnitReportReporter -->
<testsuite skipped="0" hostname="NX00308" name="AportalTestClasses.TestShipments" tests="2" failures="0" timestamp="2021-02-18T15:09:48 PKT" time="65.166" errors="0">
  <testcase name="CreatShipment" time="33.602" classname="AportalTestClasses.TestShipments"/>
  <testcase name="CreatePayment" time="31.564" classname="AportalTestClasses.TestShipments"/>
</testsuite> <!-- AportalTestClasses.TestShipments -->
